2024-01-10 14:22:33,676 DEBUG    root            Loaded Command Group: ['gcloud', 'components']
2024-01-10 14:22:33,678 DEBUG    root            Loaded Command Group: ['gcloud', 'components', 'update']
2024-01-10 14:22:33,681 DEBUG    root            Running [gcloud.components.update] with arguments: [--quiet: "True", COMPONENT-IDS:8: "['gcloud', 'core', 'bq', 'gsutil', 'compute', 'preview', 'alpha', 'beta']"]
2024-01-10 14:22:33,682 INFO     ___FILE_ONLY___ Beginning update. This process may take several minutes.

2024-01-10 14:22:33,688 DEBUG    urllib3.connectionpool Starting new HTTPS connection (1): dl.google.com:443
2024-01-10 14:22:33,845 DEBUG    urllib3.connectionpool https://dl.google.com:443 "GET /dl/cloudsdk/channels/rapid/components-2.json HTTP/1.1" 200 214448
2024-01-10 14:22:33,873 WARNING  root            Component [preview] no longer exists.
2024-01-10 14:22:33,873 WARNING  root            Component [compute] no longer exists.
2024-01-10 14:22:33,875 INFO     ___FILE_ONLY___ 

2024-01-10 14:22:33,875 INFO     ___FILE_ONLY___ 
Your current Google Cloud CLI version is: 459.0.0

2024-01-10 14:22:33,875 INFO     ___FILE_ONLY___ Installing components from version: 459.0.0

2024-01-10 14:22:33,875 INFO     ___FILE_ONLY___ 

2024-01-10 14:22:33,876 DEBUG    root            Chosen display Format:table[box,title="These components will be removed."](details.display_name:label=Name:align=left,version.version_string:label=Version:align=right,data.size.size(zero="",min=1048576):label=Size:align=right)
2024-01-10 14:22:33,877 DEBUG    root            Chosen display Format:table[box,title="These components will be updated."](details.display_name:label=Name:align=left,version.version_string:label=Version:align=right,data.size.size(zero="",min=1048576):label=Size:align=right)
2024-01-10 14:22:33,877 DEBUG    root            Chosen display Format:table[box,title="These components will be installed."](details.display_name:label=Name:align=left,version.version_string:label=Version:align=right,data.size.size(zero="",min=1048576):label=Size:align=right)
2024-01-10 14:22:33,879 INFO     ___FILE_ONLY___ ┌──────────────────────────────────────────────┐
2024-01-10 14:22:33,879 INFO     ___FILE_ONLY___ 

2024-01-10 14:22:33,879 INFO     ___FILE_ONLY___ │     These components will be installed.      │
2024-01-10 14:22:33,879 INFO     ___FILE_ONLY___ 

2024-01-10 14:22:33,879 INFO     ___FILE_ONLY___ ├───────────────────────┬────────────┬─────────┤
2024-01-10 14:22:33,879 INFO     ___FILE_ONLY___ 

2024-01-10 14:22:33,879 INFO     ___FILE_ONLY___ │          Name         │  Version   │   Size  │
2024-01-10 14:22:33,879 INFO     ___FILE_ONLY___ 

2024-01-10 14:22:33,879 INFO     ___FILE_ONLY___ ├───────────────────────┼────────────┼─────────┤
2024-01-10 14:22:33,879 INFO     ___FILE_ONLY___ 

2024-01-10 14:22:33,879 INFO     ___FILE_ONLY___ │ 
2024-01-10 14:22:33,880 INFO     ___FILE_ONLY___ gcloud Alpha Commands
2024-01-10 14:22:33,880 INFO     ___FILE_ONLY___  
2024-01-10 14:22:33,880 INFO     ___FILE_ONLY___ │ 
2024-01-10 14:22:33,880 INFO     ___FILE_ONLY___ 2024.01.06
2024-01-10 14:22:33,880 INFO     ___FILE_ONLY___  
2024-01-10 14:22:33,880 INFO     ___FILE_ONLY___ │ 
2024-01-10 14:22:33,880 INFO     ___FILE_ONLY___ < 1 MiB
2024-01-10 14:22:33,880 INFO     ___FILE_ONLY___  
2024-01-10 14:22:33,880 INFO     ___FILE_ONLY___ │
2024-01-10 14:22:33,880 INFO     ___FILE_ONLY___ 

2024-01-10 14:22:33,880 INFO     ___FILE_ONLY___ │ 
2024-01-10 14:22:33,881 INFO     ___FILE_ONLY___ gcloud Beta Commands 
2024-01-10 14:22:33,881 INFO     ___FILE_ONLY___  
2024-01-10 14:22:33,881 INFO     ___FILE_ONLY___ │ 
2024-01-10 14:22:33,881 INFO     ___FILE_ONLY___ 2024.01.06
2024-01-10 14:22:33,881 INFO     ___FILE_ONLY___  
2024-01-10 14:22:33,881 INFO     ___FILE_ONLY___ │ 
2024-01-10 14:22:33,881 INFO     ___FILE_ONLY___ < 1 MiB
2024-01-10 14:22:33,881 INFO     ___FILE_ONLY___  
2024-01-10 14:22:33,881 INFO     ___FILE_ONLY___ │
2024-01-10 14:22:33,881 INFO     ___FILE_ONLY___ 

2024-01-10 14:22:33,882 INFO     ___FILE_ONLY___ └───────────────────────┴────────────┴─────────┘
2024-01-10 14:22:33,882 INFO     ___FILE_ONLY___ 

2024-01-10 14:22:33,882 INFO     ___FILE_ONLY___ 

2024-01-10 14:22:33,886 DEBUG    urllib3.connectionpool Starting new HTTPS connection (1): dl.google.com:443
2024-01-10 14:22:34,040 DEBUG    urllib3.connectionpool https://dl.google.com:443 "GET /dl/cloudsdk/channels/rapid/RELEASE_NOTES HTTP/1.1" 200 1136690
2024-01-10 14:22:34,071 INFO     ___FILE_ONLY___ For the latest full release notes, please visit:
  https://cloud.google.com/sdk/release_notes


2024-01-10 14:22:34,073 INFO     ___FILE_ONLY___ ╔════════════════════════════════════════════════════════════╗

2024-01-10 14:22:34,074 INFO     ___FILE_ONLY___ ╠═ Creating update staging area                             ═╣

2024-01-10 14:22:34,074 INFO     ___FILE_ONLY___ ╚
2024-01-10 14:22:34,074 INFO     ___FILE_ONLY___ ══════
2024-01-10 14:22:34,723 INFO     ___FILE_ONLY___ ══════
2024-01-10 14:22:34,723 INFO     ___FILE_ONLY___ ══════
2024-01-10 14:22:34,964 INFO     ___FILE_ONLY___ ═
2024-01-10 14:22:35,174 INFO     ___FILE_ONLY___ ═
2024-01-10 14:22:35,434 INFO     ___FILE_ONLY___ ═
2024-01-10 14:22:35,545 INFO     ___FILE_ONLY___ ═
2024-01-10 14:22:35,796 INFO     ___FILE_ONLY___ ═
2024-01-10 14:22:35,920 INFO     ___FILE_ONLY___ ═
2024-01-10 14:22:35,988 INFO     ___FILE_ONLY___ ═
2024-01-10 14:22:36,100 INFO     ___FILE_ONLY___ ═
2024-01-10 14:22:36,192 INFO     ___FILE_ONLY___ ═
2024-01-10 14:22:36,282 INFO     ___FILE_ONLY___ ═
2024-01-10 14:22:36,369 INFO     ___FILE_ONLY___ ═
2024-01-10 14:22:36,476 INFO     ___FILE_ONLY___ ═
2024-01-10 14:22:36,694 INFO     ___FILE_ONLY___ ═
2024-01-10 14:22:36,750 INFO     ___FILE_ONLY___ ═
2024-01-10 14:22:36,804 INFO     ___FILE_ONLY___ ═
2024-01-10 14:22:36,865 INFO     ___FILE_ONLY___ ═
2024-01-10 14:22:36,932 INFO     ___FILE_ONLY___ ═
2024-01-10 14:22:37,060 INFO     ___FILE_ONLY___ ═
2024-01-10 14:22:37,112 INFO     ___FILE_ONLY___ ═
2024-01-10 14:22:37,179 INFO     ___FILE_ONLY___ ═
2024-01-10 14:22:37,236 INFO     ___FILE_ONLY___ ═
2024-01-10 14:22:37,291 INFO     ___FILE_ONLY___ ═
2024-01-10 14:22:37,334 INFO     ___FILE_ONLY___ ═
2024-01-10 14:22:37,402 INFO     ___FILE_ONLY___ ═
2024-01-10 14:22:37,479 INFO     ___FILE_ONLY___ ═
2024-01-10 14:22:37,535 INFO     ___FILE_ONLY___ ═
2024-01-10 14:22:37,617 INFO     ___FILE_ONLY___ ═
2024-01-10 14:22:37,676 INFO     ___FILE_ONLY___ ═
2024-01-10 14:22:37,741 INFO     ___FILE_ONLY___ ═
2024-01-10 14:22:37,816 INFO     ___FILE_ONLY___ ═
2024-01-10 14:22:37,879 INFO     ___FILE_ONLY___ ═
2024-01-10 14:22:37,968 INFO     ___FILE_ONLY___ ═
2024-01-10 14:22:38,020 INFO     ___FILE_ONLY___ ═
2024-01-10 14:22:38,076 INFO     ___FILE_ONLY___ ═
2024-01-10 14:22:38,127 INFO     ___FILE_ONLY___ ═
2024-01-10 14:22:38,180 INFO     ___FILE_ONLY___ ═
2024-01-10 14:22:38,235 INFO     ___FILE_ONLY___ ═
2024-01-10 14:22:38,319 INFO     ___FILE_ONLY___ ═
2024-01-10 14:22:38,428 INFO     ___FILE_ONLY___ ═
2024-01-10 14:22:38,489 INFO     ___FILE_ONLY___ ═
2024-01-10 14:22:38,552 INFO     ___FILE_ONLY___ ═
2024-01-10 14:22:38,623 INFO     ___FILE_ONLY___ ═
2024-01-10 14:22:38,623 INFO     ___FILE_ONLY___ ╝

2024-01-10 14:22:41,111 INFO     ___FILE_ONLY___ ╔════════════════════════════════════════════════════════════╗

2024-01-10 14:22:41,112 INFO     ___FILE_ONLY___ ╠═ Installing: gcloud Alpha Commands                        ═╣

2024-01-10 14:22:41,112 INFO     ___FILE_ONLY___ ╚
2024-01-10 14:22:41,115 DEBUG    urllib3.connectionpool Starting new HTTPS connection (1): dl.google.com:443
2024-01-10 14:22:41,291 DEBUG    urllib3.connectionpool https://dl.google.com:443 "GET /dl/cloudsdk/channels/rapid/components/google-cloud-sdk-alpha-20240106004423.tar.gz HTTP/1.1" 200 800
2024-01-10 14:22:41,292 INFO     ___FILE_ONLY___ ══════════════════════════════
2024-01-10 14:22:41,293 INFO     ___FILE_ONLY___ ══════════════════════════════
2024-01-10 14:22:41,293 INFO     ___FILE_ONLY___ ╝

2024-01-10 14:22:41,301 INFO     ___FILE_ONLY___ ╔════════════════════════════════════════════════════════════╗

2024-01-10 14:22:41,301 INFO     ___FILE_ONLY___ ╠═ Installing: gcloud Beta Commands                         ═╣

2024-01-10 14:22:41,301 INFO     ___FILE_ONLY___ ╚
2024-01-10 14:22:41,305 DEBUG    urllib3.connectionpool Starting new HTTPS connection (1): dl.google.com:443
2024-01-10 14:22:41,485 DEBUG    urllib3.connectionpool https://dl.google.com:443 "GET /dl/cloudsdk/channels/rapid/components/google-cloud-sdk-beta-20240106004423.tar.gz HTTP/1.1" 200 797
2024-01-10 14:22:41,486 INFO     ___FILE_ONLY___ ══════════════════════════════
2024-01-10 14:22:41,487 INFO     ___FILE_ONLY___ ══════════════════════════════
2024-01-10 14:22:41,487 INFO     ___FILE_ONLY___ ╝

2024-01-10 14:22:41,495 INFO     ___FILE_ONLY___ ╔════════════════════════════════════════════════════════════╗

2024-01-10 14:22:41,495 INFO     ___FILE_ONLY___ ╠═ Creating backup and activating new installation          ═╣

2024-01-10 14:22:41,495 INFO     ___FILE_ONLY___ ╚
2024-01-10 14:22:41,495 DEBUG    root            Attempting to move directory [/tools/google-cloud-sdk] to [/tools/google-cloud-sdk.staging/.install/.backup]
2024-01-10 14:22:41,495 INFO     ___FILE_ONLY___ ══════════════════════════════
2024-01-10 14:22:41,495 DEBUG    root            Attempting to move directory [/tools/google-cloud-sdk.staging] to [/tools/google-cloud-sdk]
2024-01-10 14:22:41,495 INFO     ___FILE_ONLY___ ══════════════════════════════
2024-01-10 14:22:41,495 INFO     ___FILE_ONLY___ ╝

2024-01-10 14:22:41,499 DEBUG    root            Updating notification cache...
2024-01-10 14:22:41,500 INFO     ___FILE_ONLY___ 

2024-01-10 14:22:41,502 INFO     ___FILE_ONLY___ Performing post processing steps...
2024-01-10 14:22:41,502 DEBUG    root            Executing command: ['python3', '-S', '/tools/google-cloud-sdk/lib/gcloud.py', 'components', 'post-process']
2024-01-10 14:22:50,690 DEBUG    ___FILE_ONLY___ 
2024-01-10 14:22:50,690 DEBUG    ___FILE_ONLY___ 
2024-01-10 14:22:50,766 INFO     ___FILE_ONLY___ 
Update done!


2024-01-10 14:22:50,771 DEBUG    root            Chosen display Format:none
2024-01-10 14:22:50,771 INFO     root            Display format: "none"
